2022-04-17 19:53:35 ERROR HorarioDAO:81 - com.mysql.jdbc.exceptions.jdbc4.CommunicationsException: Communications link failure

The last packet sent successfully to the server was 0 milliseconds ago. The driver has not received any packets from the server.
2022-04-17 19:55:00 FATAL HorarioDAO:81 - com.mysql.jdbc.exceptions.jdbc4.CommunicationsException: Communications link failure

The last packet sent successfully to the server was 0 milliseconds ago. The driver has not received any packets from the server.
2022-05-04 22:37:06 FATAL OfertaAcademicaDAO:50 - java.sql.SQLException: Column 'Experiencia' not found.
2022-05-04 22:38:38 FATAL OfertaAcademicaDAO:50 - java.sql.SQLException: Column 'Experiencia' not found.
2022-05-04 22:39:09 FATAL OfertaAcademicaDAO:50 - java.sql.SQLException: Column 'Experiencia' not found.
2022-05-04 22:39:49 FATAL OfertaAcademicaDAO:50 - java.sql.SQLException: Column 'Experiencia' not found.
2022-05-04 22:39:59 FATAL OfertaAcademicaDAO:50 - java.sql.SQLException: Column 'Experiencia' not found.
2022-05-04 22:41:49 FATAL OfertaAcademicaDAO:50 - java.sql.SQLException: Column 'Experiencia' not found.
2022-05-04 22:55:21 FATAL OfertaAcademicaDAO:50 - java.sql.SQLException: Column 'Experiencia' not found.
2022-05-04 22:56:39 FATAL OfertaAcademicaDAO:50 - java.sql.SQLException: Column 'Experiencia' not found.
2022-05-04 22:59:48 FATAL OfertaAcademicaDAO:50 - java.sql.SQLException: Column 'Experiencia' not found.
2022-05-04 23:01:37 FATAL OfertaAcademicaDAO:50 - java.sql.SQLException: Column 'Experiencia' not found.
2022-05-04 23:01:48 FATAL OfertaAcademicaDAO:50 - java.sql.SQLException: Column 'Experiencia' not found.
2022-05-06 00:28:53 FATAL TutorDAO:50 - java.sql.SQLException: Column 'Paterno' not found.
2022-05-06 01:03:09 FATAL TutoradoDAO:128 - java.sql.SQLException: No se encontraron tutorados
2022-05-06 01:06:00 FATAL TutoradoDAO:129 - java.sql.SQLException: No se encontraron tutorados
2022-05-06 01:09:14 FATAL TutoradoDAO:129 - java.sql.SQLException: No se encontraron tutorados
2022-05-06 01:15:36 FATAL TutoradoDAO:126 - java.sql.SQLException: No se encontraron tutorados
2022-05-06 01:18:34 FATAL TutoradoDAO:126 - java.sql.SQLException: No se encontraron tutorados
2022-05-06 01:21:12 FATAL TutoradoDAO:126 - java.sql.SQLException: No se encontraron tutorados
2022-05-06 01:21:42 FATAL TutoradoDAO:126 - java.sql.SQLException: Parameter index out of range (0 < 1 ).
2022-05-06 14:19:15 FATAL TutorDAO:50 - com.mysql.jdbc.exceptions.jdbc4.CommunicationsException: Communications link failure

The last packet sent successfully to the server was 0 milliseconds ago. The driver has not received any packets from the server.
2022-05-06 17:46:50 ERROR TutorDAO:40 - com.mysql.jdbc.exceptions.jdbc4.MySQLIntegrityConstraintViolationException: Duplicate entry 's2938' for key 'PRIMARY'
2022-05-06 17:53:12 ERROR TutorDAO:40 - com.mysql.jdbc.exceptions.jdbc4.MySQLIntegrityConstraintViolationException: Duplicate entry 's2938' for key 'PRIMARY'
2022-05-06 18:18:36 ERROR TutorDAO:40 - com.mysql.jdbc.MysqlDataTruncation: Data truncation: Data too long for column 'contrasena' at row 1
2022-05-06 18:18:37 FATAL TutorDAO:81 - java.sql.SQLException: No se encontraron cuentasUV
2022-05-06 18:19:33 ERROR TutorDAO:40 - com.mysql.jdbc.MysqlDataTruncation: Data truncation: Data too long for column 'contrasena' at row 1
2022-05-06 18:19:33 FATAL TutorDAO:81 - java.sql.SQLException: No se encontraron cuentasUV
2022-05-06 18:20:33 FATAL TutorDAO:81 - java.sql.SQLException: No se encontraron cuentasUV
2022-05-07 21:47:58 ERROR TutorDAO:40 - com.mysql.jdbc.exceptions.jdbc4.MySQLIntegrityConstraintViolationException: Column 'ApellidoMaterno' cannot be null
2022-05-07 21:47:59 ERROR TutorDAO:40 - com.mysql.jdbc.exceptions.jdbc4.MySQLIntegrityConstraintViolationException: Column 'ApellidoMaterno' cannot be null
2022-05-07 21:47:59 ERROR TutorDAO:40 - com.mysql.jdbc.exceptions.jdbc4.MySQLIntegrityConstraintViolationException: Column 'ApellidoMaterno' cannot be null
2022-05-07 21:48:00 ERROR TutorDAO:40 - com.mysql.jdbc.exceptions.jdbc4.MySQLIntegrityConstraintViolationException: Column 'ApellidoMaterno' cannot be null
2022-05-07 21:48:01 ERROR TutorDAO:40 - com.mysql.jdbc.exceptions.jdbc4.MySQLIntegrityConstraintViolationException: Column 'ApellidoMaterno' cannot be null
2022-05-07 21:49:48 ERROR TutorDAO:40 - com.mysql.jdbc.exceptions.jdbc4.MySQLIntegrityConstraintViolationException: Column 'ApellidoMaterno' cannot be null
2022-05-07 21:50:11 ERROR TutorDAO:40 - com.mysql.jdbc.exceptions.jdbc4.MySQLIntegrityConstraintViolationException: Column 'ApellidoMaterno' cannot be null
2022-05-07 21:51:21 FATAL TutorDAO:81 - java.sql.SQLException: No se encontraron cuentasUV
2022-05-07 22:01:54 ERROR TutorDAO:40 - com.mysql.jdbc.exceptions.jdbc4.MySQLIntegrityConstraintViolationException: Duplicate entry 's2938' for key 'PRIMARY'
2022-05-07 22:37:11 ERROR TutorDAO:40 - com.mysql.jdbc.exceptions.jdbc4.MySQLIntegrityConstraintViolationException: Column 'Nombre' cannot be null
2022-05-07 22:37:16 FATAL TutorDAO:81 - java.sql.SQLException: No se encontraron cuentasUV
2022-05-07 22:39:28 ERROR TutorDAO:40 - com.mysql.jdbc.exceptions.jdbc4.CommunicationsException: Communications link failure

The last packet sent successfully to the server was 0 milliseconds ago. The driver has not received any packets from the server.
2022-05-07 22:39:28 FATAL TutorDAO:81 - com.mysql.jdbc.exceptions.jdbc4.CommunicationsException: Communications link failure

The last packet sent successfully to the server was 0 milliseconds ago. The driver has not received any packets from the server.
2022-05-07 22:42:39 ERROR TutorDAO:40 - com.mysql.jdbc.exceptions.jdbc4.MySQLIntegrityConstraintViolationException: Column 'ApellidoMaterno' cannot be null
2022-05-07 22:45:58 ERROR TutorDAO:40 - com.mysql.jdbc.exceptions.jdbc4.MySQLIntegrityConstraintViolationException: Column 'ApellidoMaterno' cannot be null
2022-05-07 22:48:34 ERROR TutorDAO:40 - com.mysql.jdbc.exceptions.jdbc4.MySQLIntegrityConstraintViolationException: Column 'ApellidoMaterno' cannot be null
2022-05-07 22:49:32 ERROR TutorDAO:40 - com.mysql.jdbc.exceptions.jdbc4.MySQLIntegrityConstraintViolationException: Column 'ApellidoMaterno' cannot be null
2022-05-07 22:50:43 ERROR TutorDAO:40 - com.mysql.jdbc.exceptions.jdbc4.MySQLIntegrityConstraintViolationException: Column 'ApellidoMaterno' cannot be null
2022-05-07 23:02:13 ERROR TutorDAO:40 - com.mysql.jdbc.exceptions.jdbc4.MySQLIntegrityConstraintViolationException: Column 'ApellidoMaterno' cannot be null
2022-05-07 23:05:46 ERROR TutorDAO:40 - com.mysql.jdbc.exceptions.jdbc4.MySQLIntegrityConstraintViolationException: Column 'ApellidoMaterno' cannot be null
2022-05-07 23:07:10 ERROR TutorDAO:40 - com.mysql.jdbc.exceptions.jdbc4.MySQLIntegrityConstraintViolationException: Duplicate entry 'ajf' for key 'PRIMARY'
2022-05-07 23:07:11 FATAL TutorDAO:81 - java.sql.SQLException: No se encontraron cuentasUV
2022-05-08 13:11:00 ERROR TutorDAO:40 - com.mysql.jdbc.exceptions.jdbc4.MySQLIntegrityConstraintViolationException: Column 'Correo' cannot be null
2022-05-11 16:06:56 FATAL TutorDAO:72 - java.sql.SQLException: Parameter index out of range (2 > number of parameters, which is 1).
2022-05-11 16:40:58 ERROR TutorDAO:36 - java.sql.SQLException: No value specified for parameter 3
2022-05-11 16:40:59 FATAL TutorDAO:72 - java.sql.SQLException: Parameter index out of range (2 > number of parameters, which is 1).
2022-05-11 16:44:51 FATAL TutorDAO:72 - java.sql.SQLException: Parameter index out of range (2 > number of parameters, which is 1).
2022-05-11 16:46:04 FATAL TutorDAO:72 - java.sql.SQLException: Parameter index out of range (2 > number of parameters, which is 1).
2022-05-11 16:52:38 ERROR TutorDAO:36 - java.sql.SQLException: Parameter index out of range (3 > number of parameters, which is 2).
2022-05-11 16:52:39 FATAL TutorDAO:72 - java.sql.SQLException: Parameter index out of range (2 > number of parameters, which is 1).
2022-05-11 17:05:18 FATAL TutorDAO:72 - java.sql.SQLException: Parameter index out of range (2 > number of parameters, which is 1).
2022-05-11 17:09:28 FATAL TutorDAO:72 - java.sql.SQLException: Parameter index out of range (2 > number of parameters, which is 1).
2022-05-11 17:13:26 FATAL TutorDAO:72 - java.sql.SQLException: Parameter index out of range (2 > number of parameters, which is 1).
2022-05-11 17:18:27 FATAL TutorDAO:72 - java.sql.SQLException: Parameter index out of range (2 > number of parameters, which is 1).
2022-05-11 17:22:20 FATAL TutorDAO:72 - java.sql.SQLException: Parameter index out of range (2 > number of parameters, which is 1).
2022-05-11 17:31:46 ERROR TutorDAO:36 - java.sql.SQLException: Parameter index out of range (3 > number of parameters, which is 2).
2022-05-11 17:31:46 FATAL TutorDAO:72 - java.sql.SQLException: Parameter index out of range (2 > number of parameters, which is 1).
2022-05-17 06:43:30 FATAL PeriodoDAO:105 - java.sql.SQLException: No se encontraron periodos
2022-05-17 06:49:23 FATAL PeriodoDAO:105 - java.sql.SQLException: No se encontraron periodos
